[2025-10-04 17:01:16] [INFO] PHP Mail Sent Context: {"to":"sasiang64@gmail.com","subject":"Verify Your AceTrack Account","method":"PHP mail()"}
[2025-10-04 17:01:16] [INFO] Verification Email Sent Context: {"email":"sasiang64@gmail.com","token":"726e7834..."}
[2025-10-04 17:03:46] [INFO] PHP Mail Sent Context: {"to":"test@example.com","subject":"Verify Your AceTrack Account","method":"PHP mail()"}
[2025-10-04 17:03:46] [INFO] Verification Email Sent Context: {"email":"test@example.com","token":"test_ver..."}
[2025-10-04 17:04:50] [INFO] PHP Mail Sent Context: {"to":"test@example.com","subject":"Verify Your AceTrack Account","method":"PHP mail()"}
[2025-10-04 17:04:50] [INFO] Verification Email Sent Context: {"email":"test@example.com","token":"test_tok..."}
[2025-10-04 17:07:40] [INFO] PHP Mail Sent Context: {"to":"sasiang64@gmail.com","subject":"Verify Your AceTrack Account","method":"PHP mail()"}
[2025-10-04 17:07:40] [INFO] Verification Email Sent Context: {"email":"sasiang64@gmail.com","token":"test_tok..."}
[2025-10-04 17:16:59] [INFO] PHP Mail Sent Context: {"to":"sasiang64@gmail.com","subject":"Verify Your AceTrack Account","method":"PHP mail()"}
[2025-10-04 17:16:59] [INFO] Verification Email Sent Context: {"email":"sasiang64@gmail.com","token":"test_tok..."}
[2025-10-04 17:17:52] [INFO] PHP Mail Sent Context: {"to":"sasiang64@gmail.com","subject":"Verify Your AceTrack Account","method":"PHP mail()"}
[2025-10-04 17:17:52] [INFO] Verification Email Sent Context: {"email":"sasiang64@gmail.com","token":"test_tok..."}
[2025-10-04 17:28:45] [INFO] SMTP Email Sent Context: {"to":"sasiang64@gmail.com","subject":"Verify Your AceTrack Account","method":"PHP mail() with SMTP","smtp_host":"smtp.gmail.com"}
[2025-10-04 17:28:45] [INFO] Verification Email Sent Context: {"email":"sasiang64@gmail.com","token":"verifica..."}
[2025-10-04 17:29:44] [INFO] SMTP Email Sent Context: {"to":"sasiang64@gmail.com","subject":"Verify Your AceTrack Account","method":"PHP mail() with SMTP","smtp_host":"smtp.gmail.com"}
[2025-10-04 17:29:44] [INFO] Verification Email Sent Context: {"email":"sasiang64@gmail.com","token":"final_te..."}
[2025-10-04 17:33:53] [INFO] PHP Mail Sent Context: {"to":"sasiang64@gmail.com","subject":"Verify Your AceTrack Account","method":"PHP mail()"}
[2025-10-04 17:33:53] [INFO] Verification Email Sent Context: {"email":"sasiang64@gmail.com","token":"real_smt..."}
[2025-10-04 17:34:27] [INFO] PHP Mail Sent Context: {"to":"sasiang64@gmail.com","subject":"Verify Your AceTrack Account","method":"PHP mail()"}
[2025-10-04 17:34:27] [INFO] Verification Email Sent Context: {"email":"sasiang64@gmail.com","token":"debug_te..."}
[2025-10-04 17:41:04] [INFO] PHP Mail Sent Context: {"to":"sasiang64@gmail.com","subject":"Verify Your AceTrack Account","method":"PHP mail()"}
[2025-10-04 17:41:04] [INFO] Verification Email Sent Context: {"email":"sasiang64@gmail.com","token":"real_smt..."}
[2025-10-04 17:42:24] [INFO] SMTP Email Sent Context: {"to":"sasiang64@gmail.com","subject":"SMTP Test Email","method":"Real SMTP","smtp_host":"smtp.gmail.com"}
[2025-10-04 17:42:57] [INFO] SMTP Email Sent Context: {"to":"sasiang64@gmail.com","subject":"Verify Your AceTrack Account","method":"Real SMTP","smtp_host":"smtp.gmail.com"}
[2025-10-04 17:42:57] [INFO] Verification Email Sent Context: {"email":"sasiang64@gmail.com","token":"verifica..."}
[2025-10-04 17:45:28] [INFO] SMTP Email Sent Context: {"to":"kaarloruy.sasiang@dorsu.edu.ph","subject":"Verify Your AceTrack Account","method":"Real SMTP","smtp_host":"smtp.gmail.com"}
[2025-10-04 17:45:28] [INFO] Verification Email Sent Context: {"email":"kaarloruy.sasiang@dorsu.edu.ph","token":"bc16acda..."}
